JDApp-Kotlin/app/build/intermediates/manifest_merge_blame_file/debug/manifest-merger-blame-debug-report.txt
1<?xml version="1.0" encoding="utf-8"?>
2<manifest xmlns:android="http://schemas.android.com/apk/res/android"
3    xmlns:dist="http://schemas.android.com/apk/distribution"
4    package="com.jd.app"
5    android:versionCode="1"
6    android:versionName="1.0" >
7
8    <uses-sdk
9        android:minSdkVersion="17"
9-->src/main/AndroidManifest.xml
10        android:targetSdkVersion="28" />
10-->src/main/AndroidManifest.xml
11
12    <dist:module dist:instant="true" />
12-->src/main/AndroidManifest.xml:6:5-40
12-->src/main/AndroidManifest.xml:6:18-37
13
14    <uses-permission android:name="android.permission.INTERNET" />
14-->src/main/AndroidManifest.xml:7:5-66
14-->src/main/AndroidManifest.xml:7:22-64
15
16    <!-- android:networkSecurityConfig="@xml/network_security_config" -->
17    <application
17-->src/main/AndroidManifest.xml:11:5-38:19
18        android:name="com.jd.app.JDApplication"
18-->src/main/AndroidManifest.xml:12:9-38
19        android:allowBackup="true"
19-->src/main/AndroidManifest.xml:14:9-35
20        android:appComponentFactory="androidx.core.app.CoreComponentFactory"
20-->[androidx.core:core:1.5.0] AndroidManifest.xml:24:18-86
21        android:debuggable="true"
22        android:hardwareAccelerated="true"
22-->src/main/AndroidManifest.xml:15:9-43
23        android:icon="@mipmap/ic_launcher"
23-->src/main/AndroidManifest.xml:18:9-43
24        android:label="@string/app_name"
24-->src/main/AndroidManifest.xml:19:9-41
25        android:largeHeap="true"
25-->src/main/AndroidManifest.xml:17:9-33
26        android:resizeableActivity="true"
26-->src/main/AndroidManifest.xml:16:9-42
27        android:roundIcon="@mipmap/ic_launcher_round"
27-->src/main/AndroidManifest.xml:20:9-54
28        android:supportsRtl="true"
28-->src/main/AndroidManifest.xml:21:9-35
29        android:testOnly="true"
30        android:theme="@style/Theme.AppCompat.NoActionBar"
30-->src/main/AndroidManifest.xml:22:9-59
31        android:usesCleartextTraffic="true" >
31-->src/main/AndroidManifest.xml:13:9-44
32        <uses-library
32-->src/main/AndroidManifest.xml:24:9-87
33            android:name="org.apache.http.legacy"
33-->src/main/AndroidManifest.xml:24:23-60
34            android:required="false" />
34-->src/main/AndroidManifest.xml:24:61-85
35
36        <activity
36-->src/main/AndroidManifest.xml:26:9-34:20
37            android:name="com.jd.app.SplashActivity"
37-->src/main/AndroidManifest.xml:27:13-43
38            android:screenOrientation="portrait" >
38-->src/main/AndroidManifest.xml:28:13-49
39            <intent-filter>
39-->src/main/AndroidManifest.xml:29:13-33:29
40                <action android:name="android.intent.action.MAIN" />
40-->src/main/AndroidManifest.xml:30:17-68
40-->src/main/AndroidManifest.xml:30:25-66
41
42                <category android:name="android.intent.category.LAUNCHER" />
42-->src/main/AndroidManifest.xml:32:17-76
42-->src/main/AndroidManifest.xml:32:27-74
43            </intent-filter>
44        </activity>
45        <activity android:name="com.jd.app.MainActivity" >
45-->src/main/AndroidManifest.xml:36:9-37:20
45-->src/main/AndroidManifest.xml:36:19-47
46        </activity>
47        <activity android:name="com.jd.home.activity.HomeDetailActivity" />
47-->[:home] AndroidManifest.xml:12:9-76
47-->[:home] AndroidManifest.xml:12:19-73
48        <activity android:name="com.jd.list.activity.ListActivity" />
48-->[:list] AndroidManifest.xml:12:9-70
48-->[:list] AndroidManifest.xml:12:19-67
49        <activity android:name="com.jd.list.activity.ListMainActivity" />
49-->[:list] AndroidManifest.xml:13:9-74
49-->[:list] AndroidManifest.xml:13:19-71
50        <activity android:name="com.jd.list.activity.DemoActivity" />
50-->[:list] AndroidManifest.xml:14:9-70
50-->[:list] AndroidManifest.xml:14:19-67
51
52        <service
52-->[:other] AndroidManifest.xml:10:9-18:19
53            android:name="com.jd.other.service.JDService"
53-->[:other] AndroidManifest.xml:11:13-58
54            android:enabled="true"
54-->[:other] AndroidManifest.xml:12:13-35
55            android:exported="true"
55-->[:other] AndroidManifest.xml:13:13-36
56            android:process=":remote" >
56-->[:other] AndroidManifest.xml:14:13-38
57            <intent-filter>
57-->[:other] AndroidManifest.xml:15:13-17:29
58                <action android:name="com.jd.other.service.JDService" />
58-->[:other] AndroidManifest.xml:16:17-73
58-->[:other] AndroidManifest.xml:16:25-70
59            </intent-filter>
60        </service>
61    </application>
62
63</manifest>